<?xml version="1.0" encoding="UTF-8"?>
<testsuites>
  <testsuite name="StaticPagesControllerTest" filepath="test/controllers/static_pages_controller_test.rb" skipped="0" failures="0" errors="0" tests="3" assertions="3" time="0.2857996419998017">
    <testcase name="test_should_get_about" lineno="14" classname="StaticPagesControllerTest" assertions="1" time="0.2780553279999367" file="test/controllers/static_pages_controller_test.rb">
    </testcase>
    <testcase name="test_should_get_home" lineno="4" classname="StaticPagesControllerTest" assertions="1" time="0.0044028199999957" file="test/controllers/static_pages_controller_test.rb">
    </testcase>
    <testcase name="test_should_get_help" lineno="9" classname="StaticPagesControllerTest" assertions="1" time="0.0033414939998692716" file="test/controllers/static_pages_controller_test.rb">
    </testcase>
  </testsuite>
</testsuites>
